make all --print-data-base --no-builtin-variables --no-builtin-rules --question
# GNU Make 4.3
# Built for x86_64-redhat-linux-gnu
# Copyright (C) 1988-2020 Free Software Foundation, Inc.
# License GPLv3+: GNU GPL version 3 or later <http://gnu.org/licenses/gpl.html>
# This is free software: you are free to change and redistribute it.
# There is NO WARRANTY, to the extent permitted by law.
 

# Make data base, printed on Thu Aug 18 09:33:56 2022

# Variables

# makefile (from 'Makefile', line 163)
KUSTOMIZE_VERSION = v3.8.7
# environment
GDK_BACKEND = x11
# environment
LC_ALL = C
# environment
NO_AT_BRIDGE = 1
# environment
GJS_DEBUG_OUTPUT = stderr
# makefile (from 'Makefile', line 25)
BUNDLE_METADATA_OPTS = $(BUNDLE_CHANNELS) $(BUNDLE_DEFAULT_CHANNEL)
# environment
VSCODE_CWD = /home/bpalmer
# environment
GDM_LANG = en_US.UTF-8
# default
MAKE_COMMAND := make
# makefile (from 'Makefile', line 39)
BUNDLE_GEN_FLAGS = -q --overwrite --version $(VERSION) $(BUNDLE_METADATA_OPTS)
# environment
GOPATH = /home/bpalmer/go
# automatic
@D = $(patsubst %/,%,$(dir $@))
# environment
VSCODE_HANDLES_UNCAUGHT_ERRORS = true
# default
.VARIABLES := 
# environment
PWD = /home/bpalmer/github/scoped-operator-poc
# automatic
%D = $(patsubst %/,%,$(dir $%))
# environment
HOSTNAME = bpalmer.home
# environment
LSCOLORS = Gxfxcxdxbxegedabagacad
# environment
MAIL = /var/spool/mail/bpalmer
# environment
XDG_DATA_DIRS = /home/bpalmer/.local/share/flatpak/exports/share:/var/lib/flatpak/exports/share:/usr/local/share/:/usr/share/
# automatic
^D = $(patsubst %/,%,$(dir $^))
# automatic
%F = $(notdir $%)
# environment
VSCODE_CODE_CACHE_PATH = /home/bpalmer/.config/Code/CachedData/da76f93349a72022ca4670c1b84860304616aaa2
# makefile (from 'Makefile', line 36)
BUNDLE_IMG = $(IMAGE_TAG_BASE)-bundle:v$(VERSION)
# environment
LANG = C
# environment
XAUTHORITY = /run/user/1000/.mutter-Xwaylandauth.KR1JQ1
# default
.LOADED := 
# default
.INCLUDE_DIRS = /usr/include /usr/local/include /usr/include
# makefile
MAKEFLAGS = pqrR
# makefile (from 'Makefile', line 166)
KUSTOMIZE_INSTALL_SCRIPT = "https://raw.githubusercontent.com/kubernetes-sigs/kustomize/master/hack/install_kustomize.sh"
# makefile
CURDIR := /home/bpalmer/github/scoped-operator-poc
# environment
APPLICATION_INSIGHTS_NO_DIAGNOSTIC_CHANNEL = true
# environment
LESSOPEN = ||/usr/bin/lesspipe.sh %s
# automatic
*D = $(patsubst %/,%,$(dir $*))
# makefile (from 'Makefile', line 6)
VERSION = 0.0.1
# environment
MFLAGS = -pqrR
# environment
SSH_AUTH_SOCK = /run/user/1000/keyring/ssh
# makefile (from 'Makefile', line 65)
.SHELLFLAGS = -ec
# environment
WAYLAND_DISPLAY = wayland-0
# environment
HISTSIZE = 50000
# automatic
+D = $(patsubst %/,%,$(dir $+))
# environment
XDG_SESSION_DESKTOP = gnome
# makefile (from 'Makefile', line 1)
MAKEFILE_LIST := Makefile
# automatic
@F = $(notdir $@)
# environment
ZSH = /home/bpalmer/.oh-my-zsh
# environment
VSCODE_PID = 3072
# environment
XDG_SESSION_TYPE = wayland
# automatic
?D = $(patsubst %/,%,$(dir $?))
# makefile (from 'Makefile', line 32)
IMAGE_TAG_BASE = bpalmer/scoped-operator-poc
# environment
SESSION_MANAGER = local/unix:@/tmp/.ICE-unix/1960,unix/unix:/tmp/.ICE-unix/1960
# automatic
*F = $(notdir $*)
# makefile (from 'Makefile', line 219)
CATALOG_IMG = $(IMAGE_TAG_BASE)-catalog:v$(VERSION)
# environment
CHROME_DESKTOP = code-url-handler.desktop
# makefile (from 'Makefile', line 130)
ignore-not-found = false
# environment
DBUS_SESSION_BUS_ADDRESS = unix:path=/run/user/1000/bus
# automatic
<D = $(patsubst %/,%,$(dir $<))
# makefile (from 'Makefile', line 159)
CONTROLLER_GEN = $(LOCALBIN)/controller-gen
# environment
VSCODE_NLS_CONFIG = {"locale":"en-us","availableLanguages":{},"_languagePackSupport":true}
# default
MAKE_HOST := x86_64-redhat-linux-gnu
# makefile (from 'Makefile', line 64)
SHELL = /usr/bin/env bash -o pipefail
# default
MAKECMDGOALS := all
# environment
XMODIFIERS = @im=ibus
# environment
GJS_DEBUG_TOPICS = JS ERROR;JS LOG
# environment
SHLVL = 0
# environment
MAKELEVEL := 0
# default
MAKE = $(MAKE_COMMAND)
# environment
PATH = /usr/local/bin:/usr/local/sbin:/usr/bin:/usr/sbin:/home/bpalmer/bin:/home/bpalmer/bin:/usr/local/go/bin:/home/bpalmer/go/bin:/home/bpalmer/.fzf/bin
# makefile (from 'Makefile', line 158)
KUSTOMIZE = $(LOCALBIN)/kustomize
# environment
MOZ_GMP_PATH = /usr/lib64/mozilla/plugins/gmp-gmpopenh264/system-installed
# default
MAKEFILES := 
# automatic
^F = $(notdir $^)
# makefile (from 'Makefile', line 52)
ENVTEST_K8S_VERSION = 1.24.1
# makefile (from 'Makefile', line 216)
BUNDLE_IMGS = $(BUNDLE_IMG)
# makefile (from 'Makefile', line 56)
GOBIN = $(shell go env GOPATH)/bin
# makefile (from 'Makefile', line 164)
CONTROLLER_TOOLS_VERSION = v0.9.0
# environment
INVOCATION_ID = 24cd176d4d0545359d9e2fc413685a53
# environment
USERNAME = bpalmer
# environment
GNOME_SETUP_DISPLAY = :1
# automatic
?F = $(notdir $?)
# environment
XDG_CURRENT_DESKTOP = GNOME
# makefile (from 'Makefile', line 50)
IMG = $(IMAGE_TAG_BASE):$(VERSION)
# environment
LS_COLORS = 
# automatic
+F = $(notdir $+)
# environment
LESS = -R
# environment
DESKTOP_SESSION = gnome
# environment
ORIGINAL_XDG_CURRENT_DESKTOP = GNOME
# 'override' directive
GNUMAKEFLAGS := 
# environment
LOGNAME = bpalmer
# environment
GIO_LAUNCHED_DESKTOP_FILE = /usr/share/applications/code.desktop
# makefile
.DEFAULT_GOAL := all
# environment
SYSTEMD_EXEC_PID = 1993
# environment
HISTCONTROL = ignoredups
# environment
EDITOR = /usr/bin/nano
# environment
DISPLAY = :0
# environment
USER = bpalmer
# default
MAKE_VERSION := 4.3
# 'override' directive
.SHELLSTATUS := 0
# makefile (from 'Makefile', line 210)
OPM = $(shell which opm)
# environment
MANAGERPID = 1873
# environment
which_declare = typeset -f
# environment
DEBUGINFOD_URLS = https://debuginfod.fedoraproject.org/ 
# environment
GIO_LAUNCHED_DESKTOP_FILE_PID = 3072
# environment
PAGER = less
# environment
_ = /usr/bin/make
# environment
XDG_RUNTIME_DIR = /run/user/1000
# environment
GOMODCACHE = /home/bpalmer/go/pkg/mod
# environment
JOURNAL_STREAM = 8:39108
# environment
XDG_SESSION_CLASS = user
# environment
VSCODE_AMD_ENTRYPOINT = vs/workbench/api/node/extensionHostProcess
# environment
HOME = /home/bpalmer
# environment
QT_IM_MODULE = ibus
# makefile (from 'Makefile', line 160)
ENVTEST = $(LOCALBIN)/setup-envtest
# environment
ELECTRON_RUN_AS_NODE = 1
# environment
VSCODE_IPC_HOOK = /run/user/1000/vscode-954a9ce5-1.70.0-main.sock
# environment
GOPROXY = https://proxy.golang.org,direct
# default
.RECIPEPREFIX := 
# automatic
<F = $(notdir $<)
# default
SUFFIXES := 
# makefile (from 'Makefile', line 153)
LOCALBIN = $(shell pwd)/bin
# default
.FEATURES := target-specific order-only second-expansion else-if shortest-stem undefine oneshell nocomment grouped-target extra-prereqs archives jobserver output-sync check-symlink guile load
# environment
XDG_MENU_PREFIX = gnome-
# makefile (from 'Makefile', line 44)
USE_IMAGE_DIGESTS = false
# environment
GDMSESSION = gnome
# variable set hash-table stats:
# Load=123/1024=12%, Rehash=0, Collisions=9/249=4%

# Pattern-specific Variable Values

# No pattern-specific variable values.

# Directories

# . (device 41, inode 4946997): 30 files, no impossibilities.

# 30 files, no impossibilities in 1 directories.

# Implicit Rules

# No implicit rules.

# Files

deploy: manifests kustomize
#  Phony target (prerequisite of .PHONY).
#  Implicit rule search has not been done.
#  File does not exist.
#  File has not been updated.
#  recipe to execute (from 'Makefile', line 143):
	cd config/manager && $(KUSTOMIZE) edit set image controller=${IMG}
	$(KUSTOMIZE) build config/default | kubectl apply -f -

catalog-build: opm
#  Phony target (prerequisite of .PHONY).
#  Implicit rule search has not been done.
#  File does not exist.
#  File has not been updated.
#  recipe to execute (from 'Makefile', line 231):
	$(OPM) index add --container-tool docker --mode semver --tag $(CATALOG_IMG) --bundles $(BUNDLE_IMGS) $(FROM_INDEX_OPT)

 
opm:
#  Phony target (prerequisite of .PHONY).
#  Implicit rule search has not been done.
#  File does not exist.
#  File has not been updated.

# 'override' directive
generate: .SHELLSTATUS := 0
generate: controller-gen
#  Phony target (prerequisite of .PHONY).
#  Implicit rule search has not been done.
#  Implicit/static pattern stem: ''
#  File does not exist.
#  File has been updated.
#  Needs to be updated (-q is set).
# automatic
# @ := generate
# automatic
# * := 
# automatic
# < := controller-gen
# automatic
# + := controller-gen
# automatic
# % := 
# automatic
# ^ := controller-gen
# automatic
# ? := controller-gen
# automatic
# | := 
# variable set hash-table stats:
# Load=9/32=28%, Rehash=0, Collisions=2/17=12%
#  recipe to execute (from 'Makefile', line 95):
	$(CONTROLLER_GEN) object:headerFile="hack/boilerplate.go.txt" paths="./..."

bundle: manifests kustomize
#  Phony target (prerequisite of .PHONY).
#  Implicit rule search has not been done.
#  File does not exist.
#  File has not been updated.
#  recipe to execute (from 'Makefile', line 184):
	operator-sdk generate kustomize manifests -q
	cd config/manager && $(KUSTOMIZE) edit set image controller=$(IMG)
	$(KUSTOMIZE) build config/manifests | operator-sdk generate bundle $(BUNDLE_GEN_FLAGS)
	operator-sdk bundle validate ./bundle

undeploy:
#  Phony target (prerequisite of .PHONY).
#  Implicit rule search has not been done.
#  File does not exist.
#  File has not been updated.
#  recipe to execute (from 'Makefile', line 148):
	$(KUSTOMIZE) build config/default | kubectl delete --ignore-not-found=$(ignore-not-found) -f -

/home/bpalmer/github/scoped-operator-poc/bin/kustomize: /home/bpalmer/github/scoped-operator-poc/bin
#  Implicit rule search has not been done.
#  Modification time never checked.
#  File has not been updated.
#  recipe to execute (from 'Makefile', line 170):
	curl -s $(KUSTOMIZE_INSTALL_SCRIPT) | bash -s -- $(subst v,,$(KUSTOMIZE_VERSION)) $(LOCALBIN)

# Not a target:
Makefile:
#  Implicit rule search has been done.
#  Last modified 2022-08-03 15:23:33.037939984
#  File has been updated.
#  Successfully updated.

kustomize: /home/bpalmer/github/scoped-operator-poc/bin/kustomize
#  Phony target (prerequisite of .PHONY).
#  Implicit rule search has not been done.
#  File does not exist.
#  File has not been updated.

uninstall: manifests kustomize
#  Phony target (prerequisite of .PHONY).
#  Implicit rule search has not been done.
#  File does not exist.
#  File has not been updated.
#  recipe to execute (from 'Makefile', line 139):
	$(KUSTOMIZE) build config/crd | kubectl delete --ignore-not-found=$(ignore-not-found) -f -

/home/bpalmer/github/scoped-operator-poc/bin/controller-gen: /home/bpalmer/github/scoped-operator-poc/bin
#  Implicit rule search has not been done.
#  Last modified 2022-08-03 15:24:12.816969337
#  File has been updated.
#  Successfully updated.
#  recipe to execute (from 'Makefile', line 175):
	GOBIN=$(LOCALBIN) go install sigs.k8s.io/controller-tools/cmd/controller-gen@$(CONTROLLER_TOOLS_VERSION)

envtest: /home/bpalmer/github/scoped-operator-poc/bin/setup-envtest
#  Phony target (prerequisite of .PHONY).
#  Implicit rule search has not been done.
#  File does not exist.
#  File has not been updated.

controller-gen: /home/bpalmer/github/scoped-operator-poc/bin/controller-gen
#  Phony target (prerequisite of .PHONY).
#  Implicit rule search has not been done.
#  File does not exist.
#  File has been updated.
#  Successfully updated.

bundle-build:
#  Phony target (prerequisite of .PHONY).
#  Implicit rule search has not been done.
#  File does not exist.
#  File has not been updated.
#  recipe to execute (from 'Makefile', line 191):
	docker build -f bundle.Dockerfile -t $(BUNDLE_IMG) .

fmt:
#  Phony target (prerequisite of .PHONY).
#  Implicit rule search has not been done.
#  File does not exist.
#  File has not been updated.
#  recipe to execute (from 'Makefile', line 99):
	go fmt ./...

bundle-push:
#  Phony target (prerequisite of .PHONY).
#  Implicit rule search has not been done.
#  File does not exist.
#  File has not been updated.
#  recipe to execute (from 'Makefile', line 195):
	$(MAKE) docker-push IMG=$(BUNDLE_IMG)

manifests: controller-gen
#  Phony target (prerequisite of .PHONY).
#  Implicit rule search has not been done.
#  File does not exist.
#  File has not been updated.
#  recipe to execute (from 'Makefile', line 91):
	$(CONTROLLER_GEN) rbac:roleName=manager-role crd webhook paths="./..." output:crd:artifacts:config=config/crd/bases

/home/bpalmer/github/scoped-operator-poc/bin/setup-envtest: /home/bpalmer/github/scoped-operator-poc/bin
#  Implicit rule search has not been done.
#  Modification time never checked.
#  File has not been updated.
#  recipe to execute (from 'Makefile', line 180):
	GOBIN=$(LOCALBIN) go install sigs.k8s.io/controller-runtime/tools/setup-envtest@latest

# Not a target:
.DEFAULT:
#  Implicit rule search has not been done.
#  Modification time never checked.
#  File has not been updated.

all: build
#  Phony target (prerequisite of .PHONY).
#  Command line target.
#  Implicit rule search has not been done.
#  File does not exist.
#  File has been updated.
#  Needs to be updated (-q is set).
# variable set hash-table stats:
# Load=0/32=0%, Rehash=0, Collisions=0/8=0%

run: manifests generate fmt vet
#  Phony target (prerequisite of .PHONY).
#  Implicit rule search has not been done.
#  File does not exist.
#  File has not been updated.
#  recipe to execute (from 'Makefile', line 117):
	go run ./main.go

help:
#  Phony target (prerequisite of .PHONY).
#  Implicit rule search has not been done.
#  File does not exist.
#  File has not been updated.
#  recipe to execute (from 'Makefile', line 85):
	@awk 'BEGIN {FS = ":.*##"; printf "\nUsage:\n  make \033[36m<target>\033[0m\n"} /^[a-zA-Z_0-9-]+:.*?##/ { printf "  \033[36m%-15s\033[0m %s\n", $$1, $$2 } /^##@/ { printf "\n\033[1m%s\033[0m\n", substr($$0, 5) } ' $(MAKEFILE_LIST)

vet:
#  Phony target (prerequisite of .PHONY).
#  Implicit rule search has not been done.
#  File does not exist.
#  File has not been updated.
#  recipe to execute (from 'Makefile', line 103):
	go vet ./...

build: generate fmt vet
#  Phony target (prerequisite of .PHONY).
#  Implicit rule search has not been done.
#  File does not exist.
#  File has been updated.
#  Needs to be updated (-q is set).
# variable set hash-table stats:
# Load=0/32=0%, Rehash=0, Collisions=0/8=0%
#  recipe to execute (from 'Makefile', line 113):
	go build -o bin/manager main.go

test: manifests generate fmt vet envtest
#  Phony target (prerequisite of .PHONY).
#  Implicit rule search has not been done.
#  File does not exist.
#  File has not been updated.
#  recipe to execute (from 'Makefile', line 107):
	KUBEBUILDER_ASSETS="$(shell $(ENVTEST) use $(ENVTEST_K8S_VERSION) -p path)" go test ./... -coverprofile cover.out

docker-push:
#  Phony target (prerequisite of .PHONY).
#  Implicit rule search has not been done.
#  File does not exist.
#  File has not been updated.
#  recipe to execute (from 'Makefile', line 125):
	docker push ${IMG}

install: manifests kustomize
#  Phony target (prerequisite of .PHONY).
#  Implicit rule search has not been done.
#  File does not exist.
#  File has not been updated.
#  recipe to execute (from 'Makefile', line 135):
	$(KUSTOMIZE) build config/crd | kubectl apply -f -

docker-build: test
#  Phony target (prerequisite of .PHONY).
#  Implicit rule search has not been done.
#  File does not exist.
#  File has not been updated.
#  recipe to execute (from 'Makefile', line 121):
	docker build -t ${IMG} .

catalog-push:
#  Phony target (prerequisite of .PHONY).
#  Implicit rule search has not been done.
#  File does not exist.
#  File has not been updated.
#  recipe to execute (from 'Makefile', line 236):
	$(MAKE) docker-push IMG=$(CATALOG_IMG)

# Not a target:
.SUFFIXES:
#  Implicit rule search has not been done.
#  Modification time never checked.
#  File has not been updated.

.PHONY: all help manifests generate fmt vet test build run docker-build docker-push install uninstall deploy undeploy kustomize controller-gen envtest bundle bundle-build bundle-push opm catalog-build catalog-push
#  Implicit rule search has not been done.
#  Modification time never checked.
#  File has not been updated.

/home/bpalmer/github/scoped-operator-poc/bin:
#  Implicit rule search has not been done.
#  Last modified 2022-08-03 15:14:46.729490553
#  File has been updated.
#  Successfully updated.
#  recipe to execute (from 'Makefile', line 155):
	mkdir -p $(LOCALBIN)

# files hash-table stats:
# Load=32/1024=3%, Rehash=0, Collisions=0/148=0%
# VPATH Search Paths

# No 'vpath' search paths.

# No general ('VPATH' variable) search path.

# strcache buffers: 1 (0) / strings = 61 / storage = 778 B / avg = 12 B
# current buf: size = 8162 B / used = 778 B / count = 61 / avg = 12 B

# strcache performance: lookups = 199 / hit rate = 69%
# hash-table stats:
# Load=61/8192=1%, Rehash=0, Collisions=0/199=0%
# Finished Make data base on Thu Aug 18 09:33:56 2022

 
